Flow report for microprocessor
Tue May  8 17:08:28 2018
Quartus Prime Version 16.1.0 Build 196 10/24/2016 SJ Lite Edition


---------------------
; Table of Contents ;
---------------------
  1. Legal Notice
  2. Flow Summary
  3. Flow Settings
  4. Flow Non-Default Global Settings
  5. Flow Elapsed Time
  6. Flow OS Summary
  7. Flow Log
  8. Flow Messages
  9. Flow Suppressed Messages



----------------
; Legal Notice ;
----------------
Copyright (C) 2016  Intel Corporation. All rights reserved.
Your use of Intel Corporation's design tools, logic functions 
and other software and tools, and its AMPP partner logic 
functions, and any output files from any of the foregoing 
(including device programming or simulation files), and any 
associated documentation or information are expressly subject 
to the terms and conditions of the Intel Program License 
Subscription Agreement, the Intel Quartus Prime License Agreement,
the Intel MegaCore Function License Agreement, or other 
applicable license agreement, including, without limitation, 
that your use is for the sole purpose of programming logic 
devices manufactured by Intel and sold by Intel or its 
authorized distributors.  Please refer to the applicable 
agreement for further details.



+-------------------------------------------------------------------------------+
; Flow Summary                                                                  ;
+---------------------------------+---------------------------------------------+
; Flow Status                     ; Successful - Tue May  8 17:08:28 2018       ;
; Quartus Prime Version           ; 16.1.0 Build 196 10/24/2016 SJ Lite Edition ;
; Revision Name                   ; microprocessor                              ;
; Top-level Entity Name           ; ALU                                         ;
; Family                          ; Cyclone V                                   ;
; Device                          ; 5CEBA4F23C7                                 ;
; Timing Models                   ; Final                                       ;
; Logic utilization (in ALMs)     ; 969 / 18,480 ( 5 % )                        ;
; Total registers                 ; 0                                           ;
; Total pins                      ; 101 / 224 ( 45 % )                          ;
; Total virtual pins              ; 0                                           ;
; Total block memory bits         ; 0 / 3,153,920 ( 0 % )                       ;
; Total DSP Blocks                ; 2 / 66 ( 3 % )                              ;
; Total HSSI RX PCSs              ; 0                                           ;
; Total HSSI PMA RX Deserializers ; 0                                           ;
; Total HSSI TX PCSs              ; 0                                           ;
; Total HSSI PMA TX Serializers   ; 0                                           ;
; Total PLLs                      ; 0 / 4 ( 0 % )                               ;
; Total DLLs                      ; 0 / 4 ( 0 % )                               ;
+---------------------------------+---------------------------------------------+


+-----------------------------------------+
; Flow Settings                           ;
+-------------------+---------------------+
; Option            ; Setting             ;
+-------------------+---------------------+
; Start date & time ; 05/08/2018 16:22:03 ;
; Main task         ; Compilation         ;
; Revision Name     ; microprocessor      ;
+-------------------+---------------------+


+------------------------------------------------------------------------------------------------------------------------------+
; Flow Non-Default Global Settings                                                                                             ;
+-------------------------------------+----------------------------------------+----------------+-------------+----------------+
; Assignment Name                     ; Value                                  ; Default Value  ; Entity Name ; Section Id     ;
+-------------------------------------+----------------------------------------+----------------+-------------+----------------+
; COMPILER_SIGNATURE_ID               ; 8796756732966.152580732304674          ; --             ; --          ; --             ;
; EDA_OUTPUT_DATA_FORMAT              ; Vhdl                                   ; --             ; --          ; eda_simulation ;
; EDA_SIMULATION_TOOL                 ; ModelSim-Altera (VHDL)                 ; <None>         ; --          ; --             ;
; EDA_TIME_SCALE                      ; 1 ps                                   ; --             ; --          ; eda_simulation ;
; MAX_CORE_JUNCTION_TEMP              ; 85                                     ; --             ; --          ; --             ;
; MIN_CORE_JUNCTION_TEMP              ; 0                                      ; --             ; --          ; --             ;
; PARTITION_COLOR                     ; -- (Not supported for targeted family) ; --             ; alu         ; Top            ;
; PARTITION_FITTER_PRESERVATION_LEVEL ; -- (Not supported for targeted family) ; --             ; alu         ; Top            ;
; PARTITION_NETLIST_TYPE              ; -- (Not supported for targeted family) ; --             ; alu         ; Top            ;
; PROJECT_OUTPUT_DIRECTORY            ; output_files                           ; --             ; --          ; --             ;
; TOP_LEVEL_ENTITY                    ; alu                                    ; microprocessor ; --          ; --             ;
+-------------------------------------+----------------------------------------+----------------+-------------+----------------+


+-------------------------------------------------------------------------------------------------------------------------------+
; Flow Elapsed Time                                                                                                             ;
+---------------------------+--------------+-------------------------+---------------------+------------------------------------+
; Module Name               ; Elapsed Time ; Average Processors Used ; Peak Virtual Memory ; Total CPU Time (on all processors) ;
+---------------------------+--------------+-------------------------+---------------------+------------------------------------+
; Analysis & Synthesis      ; 00:01:18     ; 1.0                     ; 1069 MB             ; 00:00:33                           ;
; Fitter                    ; 00:05:33     ; 1.0                     ; 1756 MB             ; 00:02:18                           ;
; Assembler                 ; 00:00:16     ; 1.0                     ; 962 MB              ; 00:00:06                           ;
; TimeQuest Timing Analyzer ; 00:00:40     ; 1.0                     ; 1095 MB             ; 00:00:16                           ;
; EDA Netlist Writer        ; 00:00:06     ; 1.0                     ; 1160 MB             ; 00:00:02                           ;
; EDA Netlist Writer        ; 00:00:01     ; 1.0                     ; 1124 MB             ; 00:00:01                           ;
; EDA Netlist Writer        ; 00:00:02     ; 1.0                     ; 1123 MB             ; 00:00:01                           ;
; EDA Netlist Writer        ; 00:00:02     ; 1.0                     ; 1131 MB             ; 00:00:02                           ;
; EDA Netlist Writer        ; 00:00:02     ; 1.0                     ; 1124 MB             ; 00:00:01                           ;
; EDA Netlist Writer        ; 00:00:01     ; 1.0                     ; 1123 MB             ; 00:00:01                           ;
; EDA Netlist Writer        ; 00:00:02     ; 1.0                     ; 1131 MB             ; 00:00:02                           ;
; EDA Netlist Writer        ; 00:00:01     ; 1.0                     ; 1124 MB             ; 00:00:01                           ;
; EDA Netlist Writer        ; 00:00:01     ; 1.0                     ; 1123 MB             ; 00:00:01                           ;
; EDA Netlist Writer        ; 00:00:02     ; 1.0                     ; 1132 MB             ; 00:00:02                           ;
; EDA Netlist Writer        ; 00:00:01     ; 1.0                     ; 1123 MB             ; 00:00:01                           ;
; EDA Netlist Writer        ; 00:00:02     ; 1.0                     ; 1131 MB             ; 00:00:02                           ;
; EDA Netlist Writer        ; 00:00:01     ; 1.0                     ; 1123 MB             ; 00:00:01                           ;
; EDA Netlist Writer        ; 00:00:03     ; 1.0                     ; 1131 MB             ; 00:00:02                           ;
; EDA Netlist Writer        ; 00:00:02     ; 1.0                     ; 1123 MB             ; 00:00:01                           ;
; EDA Netlist Writer        ; 00:00:03     ; 1.0                     ; 1132 MB             ; 00:00:02                           ;
; EDA Netlist Writer        ; 00:00:01     ; 1.0                     ; 1123 MB             ; 00:00:01                           ;
; EDA Netlist Writer        ; 00:00:02     ; 1.0                     ; 1131 MB             ; 00:00:02                           ;
; EDA Netlist Writer        ; 00:00:02     ; 1.0                     ; 1123 MB             ; 00:00:01                           ;
; EDA Netlist Writer        ; 00:00:02     ; 1.0                     ; 1132 MB             ; 00:00:02                           ;
; EDA Netlist Writer        ; 00:00:01     ; 1.0                     ; 1124 MB             ; 00:00:01                           ;
; EDA Netlist Writer        ; 00:00:01     ; 1.0                     ; 1124 MB             ; 00:00:01                           ;
; EDA Netlist Writer        ; 00:00:02     ; 1.0                     ; 1132 MB             ; 00:00:02                           ;
; EDA Netlist Writer        ; 00:00:02     ; 1.0                     ; 1123 MB             ; 00:00:01                           ;
; EDA Netlist Writer        ; 00:00:02     ; 1.0                     ; 1131 MB             ; 00:00:02                           ;
; Total                     ; 00:08:34     ; --                      ; --                  ; 00:03:49                           ;
+---------------------------+--------------+-------------------------+---------------------+------------------------------------+


+------------------------------------------------------------------------------------------------+
; Flow OS Summary                                                                                ;
+---------------------------+---------------------+----------------+------------+----------------+
; Module Name               ; Machine Hostname    ; OS Name        ; OS Version ; Processor type ;
+---------------------------+---------------------+----------------+------------+----------------+
; Analysis & Synthesis      ; leonardo-VirtualBox ; Ubuntu 16.04.1 ; 16         ; x86_64         ;
; Fitter                    ; leonardo-VirtualBox ; Ubuntu 16.04.1 ; 16         ; x86_64         ;
; Assembler                 ; leonardo-VirtualBox ; Ubuntu 16.04.1 ; 16         ; x86_64         ;
; TimeQuest Timing Analyzer ; leonardo-VirtualBox ; Ubuntu 16.04.1 ; 16         ; x86_64         ;
; EDA Netlist Writer        ; leonardo-VirtualBox ; Ubuntu 16.04.1 ; 16         ; x86_64         ;
; EDA Netlist Writer        ; leonardo-VirtualBox ; Ubuntu 16.04.1 ; 16         ; x86_64         ;
; EDA Netlist Writer        ; leonardo-VirtualBox ; Ubuntu 16.04.1 ; 16         ; x86_64         ;
; EDA Netlist Writer        ; leonardo-VirtualBox ; Ubuntu 16.04.1 ; 16         ; x86_64         ;
; EDA Netlist Writer        ; leonardo-VirtualBox ; Ubuntu 16.04.1 ; 16         ; x86_64         ;
; EDA Netlist Writer        ; leonardo-VirtualBox ; Ubuntu 16.04.1 ; 16         ; x86_64         ;
; EDA Netlist Writer        ; leonardo-VirtualBox ; Ubuntu 16.04.1 ; 16         ; x86_64         ;
; EDA Netlist Writer        ; leonardo-VirtualBox ; Ubuntu 16.04.1 ; 16         ; x86_64         ;
; EDA Netlist Writer        ; leonardo-VirtualBox ; Ubuntu 16.04.1 ; 16         ; x86_64         ;
; EDA Netlist Writer        ; leonardo-VirtualBox ; Ubuntu 16.04.1 ; 16         ; x86_64         ;
; EDA Netlist Writer        ; leonardo-VirtualBox ; Ubuntu 16.04.1 ; 16         ; x86_64         ;
; EDA Netlist Writer        ; leonardo-VirtualBox ; Ubuntu 16.04.1 ; 16         ; x86_64         ;
; EDA Netlist Writer        ; leonardo-VirtualBox ; Ubuntu 16.04.1 ; 16         ; x86_64         ;
; EDA Netlist Writer        ; leonardo-VirtualBox ; Ubuntu 16.04.1 ; 16         ; x86_64         ;
; EDA Netlist Writer        ; leonardo-VirtualBox ; Ubuntu 16.04.1 ; 16         ; x86_64         ;
; EDA Netlist Writer        ; leonardo-VirtualBox ; Ubuntu 16.04.1 ; 16         ; x86_64         ;
; EDA Netlist Writer        ; leonardo-VirtualBox ; Ubuntu 16.04.1 ; 16         ; x86_64         ;
; EDA Netlist Writer        ; leonardo-VirtualBox ; Ubuntu 16.04.1 ; 16         ; x86_64         ;
; EDA Netlist Writer        ; leonardo-VirtualBox ; Ubuntu 16.04.1 ; 16         ; x86_64         ;
; EDA Netlist Writer        ; leonardo-VirtualBox ; Ubuntu 16.04.1 ; 16         ; x86_64         ;
; EDA Netlist Writer        ; leonardo-VirtualBox ; Ubuntu 16.04.1 ; 16         ; x86_64         ;
; EDA Netlist Writer        ; leonardo-VirtualBox ; Ubuntu 16.04.1 ; 16         ; x86_64         ;
; EDA Netlist Writer        ; leonardo-VirtualBox ; Ubuntu 16.04.1 ; 16         ; x86_64         ;
; EDA Netlist Writer        ; leonardo-VirtualBox ; Ubuntu 16.04.1 ; 16         ; x86_64         ;
; EDA Netlist Writer        ; leonardo-VirtualBox ; Ubuntu 16.04.1 ; 16         ; x86_64         ;
+---------------------------+---------------------+----------------+------------+----------------+


------------
; Flow Log ;
------------
quartus_map --read_settings_files=on --write_settings_files=off microprocessor -c microprocessor
quartus_fit --read_settings_files=off --write_settings_files=off microprocessor -c microprocessor
quartus_asm --read_settings_files=off --write_settings_files=off microprocessor -c microprocessor
quartus_sta microprocessor -c microprocessor
quartus_eda --read_settings_files=off --write_settings_files=off microprocessor -c microprocessor
quartus_eda --gen_testbench --tool=modelsim_oem --format=vhdl --write_settings_files=off microprocessor -c microprocessor --vector_source=/home/leonardo/Documents/Supelec/1A/project_fpga/projet_synthese_fpga/Waveform1.vwf --testbench_file=/home/leonardo/Documents/Supelec/1A/project_fpga/projet_synthese_fpga/simulation/modelsim/Waveform1.vwf.vht
quartus_eda --gen_testbench --tool=modelsim_oem --format=vhdl --write_settings_files=off microprocessor -c microprocessor --vector_source=/home/leonardo/Documents/Supelec/1A/project_fpga/projet_synthese_fpga/Waveform1.vwf --testbench_file=/home/leonardo/Documents/Supelec/1A/project_fpga/projet_synthese_fpga/simulation/qsim/Waveform1.vwf.vht
quartus_eda --write_settings_files=off --simulation=on --functional=on --flatten_buses=off --tool=modelsim_oem --format=vhdl --output_directory=/home/leonardo/Documents/Supelec/1A/project_fpga/projet_synthese_fpga/simulation/qsim/ microprocessor -c microprocessor
quartus_eda --gen_testbench --tool=modelsim_oem --format=vhdl --write_settings_files=off microprocessor -c microprocessor --vector_source=/home/leonardo/Documents/Supelec/1A/project_fpga/projet_synthese_fpga/Waveform1.vwf --testbench_file=/home/leonardo/Documents/Supelec/1A/project_fpga/projet_synthese_fpga/simulation/modelsim/Waveform1.vwf.vht
quartus_eda --gen_testbench --tool=modelsim_oem --format=vhdl --write_settings_files=off microprocessor -c microprocessor --vector_source=/home/leonardo/Documents/Supelec/1A/project_fpga/projet_synthese_fpga/Waveform1.vwf --testbench_file=/home/leonardo/Documents/Supelec/1A/project_fpga/projet_synthese_fpga/simulation/qsim/Waveform1.vwf.vht
quartus_eda --write_settings_files=off --simulation=on --functional=on --flatten_buses=off --tool=modelsim_oem --format=vhdl --output_directory=/home/leonardo/Documents/Supelec/1A/project_fpga/projet_synthese_fpga/simulation/qsim/ microprocessor -c microprocessor
quartus_eda --gen_testbench --tool=modelsim_oem --format=vhdl --write_settings_files=off microprocessor -c microprocessor --vector_source=/home/leonardo/Documents/Supelec/1A/project_fpga/projet_synthese_fpga/Waveform1.vwf --testbench_file=/home/leonardo/Documents/Supelec/1A/project_fpga/projet_synthese_fpga/simulation/modelsim/Waveform1.vwf.vht
quartus_eda --gen_testbench --tool=modelsim_oem --format=vhdl --write_settings_files=off microprocessor -c microprocessor --vector_source=/home/leonardo/Documents/Supelec/1A/project_fpga/projet_synthese_fpga/Waveform1.vwf --testbench_file=/home/leonardo/Documents/Supelec/1A/project_fpga/projet_synthese_fpga/simulation/qsim/Waveform1.vwf.vht
quartus_eda --write_settings_files=off --simulation=on --functional=on --flatten_buses=off --tool=modelsim_oem --format=vhdl --output_directory=/home/leonardo/Documents/Supelec/1A/project_fpga/projet_synthese_fpga/simulation/qsim/ microprocessor -c microprocessor
quartus_eda --gen_testbench --tool=modelsim_oem --format=vhdl --write_settings_files=off microprocessor -c microprocessor --vector_source=/home/leonardo/Documents/Supelec/1A/project_fpga/projet_synthese_fpga/Waveform1.vwf --testbench_file=/home/leonardo/Documents/Supelec/1A/project_fpga/projet_synthese_fpga/simulation/qsim/Waveform1.vwf.vht
quartus_eda --write_settings_files=off --simulation=on --functional=on --flatten_buses=off --tool=modelsim_oem --format=vhdl --output_directory=/home/leonardo/Documents/Supelec/1A/project_fpga/projet_synthese_fpga/simulation/qsim/ microprocessor -c microprocessor
quartus_eda --gen_testbench --tool=modelsim_oem --format=vhdl --write_settings_files=off microprocessor -c microprocessor --vector_source=/home/leonardo/Documents/Supelec/1A/project_fpga/projet_synthese_fpga/Waveform1.vwf --testbench_file=/home/leonardo/Documents/Supelec/1A/project_fpga/projet_synthese_fpga/simulation/qsim/Waveform1.vwf.vht
quartus_eda --write_settings_files=off --simulation=on --functional=on --flatten_buses=off --tool=modelsim_oem --format=vhdl --output_directory=/home/leonardo/Documents/Supelec/1A/project_fpga/projet_synthese_fpga/simulation/qsim/ microprocessor -c microprocessor
quartus_eda --gen_testbench --tool=modelsim_oem --format=vhdl --write_settings_files=off microprocessor -c microprocessor --vector_source=/home/leonardo/Documents/Supelec/1A/project_fpga/projet_synthese_fpga/Waveform1.vwf --testbench_file=/home/leonardo/Documents/Supelec/1A/project_fpga/projet_synthese_fpga/simulation/qsim/Waveform1.vwf.vht
quartus_eda --write_settings_files=off --simulation=on --functional=on --flatten_buses=off --tool=modelsim_oem --format=vhdl --output_directory=/home/leonardo/Documents/Supelec/1A/project_fpga/projet_synthese_fpga/simulation/qsim/ microprocessor -c microprocessor
quartus_eda --gen_testbench --tool=modelsim_oem --format=vhdl --write_settings_files=off microprocessor -c microprocessor --vector_source=/home/leonardo/Documents/Supelec/1A/project_fpga/projet_synthese_fpga/Waveform1.vwf --testbench_file=/home/leonardo/Documents/Supelec/1A/project_fpga/projet_synthese_fpga/simulation/qsim/Waveform1.vwf.vht
quartus_eda --write_settings_files=off --simulation=on --functional=on --flatten_buses=off --tool=modelsim_oem --format=vhdl --output_directory=/home/leonardo/Documents/Supelec/1A/project_fpga/projet_synthese_fpga/simulation/qsim/ microprocessor -c microprocessor
quartus_eda --gen_testbench --tool=modelsim_oem --format=vhdl --write_settings_files=off microprocessor -c microprocessor --vector_source=/home/leonardo/Documents/Supelec/1A/project_fpga/projet_synthese_fpga/Waveform1.vwf --testbench_file=/home/leonardo/Documents/Supelec/1A/project_fpga/projet_synthese_fpga/simulation/qsim/Waveform1.vwf.vht
quartus_eda --write_settings_files=off --simulation=on --functional=on --flatten_buses=off --tool=modelsim_oem --format=vhdl --output_directory=/home/leonardo/Documents/Supelec/1A/project_fpga/projet_synthese_fpga/simulation/qsim/ microprocessor -c microprocessor
quartus_eda --gen_testbench --tool=modelsim_oem --format=vhdl --write_settings_files=off microprocessor -c microprocessor --vector_source=/home/leonardo/Documents/Supelec/1A/project_fpga/projet_synthese_fpga/Waveform2.vwf --testbench_file=/home/leonardo/Documents/Supelec/1A/project_fpga/projet_synthese_fpga/simulation/modelsim/Waveform2.vwf.vht
quartus_eda --gen_testbench --tool=modelsim_oem --format=vhdl --write_settings_files=off microprocessor -c microprocessor --vector_source=/home/leonardo/Documents/Supelec/1A/project_fpga/projet_synthese_fpga/Waveform2.vwf --testbench_file=/home/leonardo/Documents/Supelec/1A/project_fpga/projet_synthese_fpga/simulation/qsim/Waveform2.vwf.vht
quartus_eda --write_settings_files=off --simulation=on --functional=on --flatten_buses=off --tool=modelsim_oem --format=vhdl --output_directory=/home/leonardo/Documents/Supelec/1A/project_fpga/projet_synthese_fpga/simulation/qsim/ microprocessor -c microprocessor
quartus_eda --gen_testbench --tool=modelsim_oem --format=vhdl --write_settings_files=off microprocessor -c microprocessor --vector_source=/home/leonardo/Documents/Supelec/1A/project_fpga/projet_synthese_fpga/Waveform2.vwf --testbench_file=/home/leonardo/Documents/Supelec/1A/project_fpga/projet_synthese_fpga/simulation/qsim/Waveform2.vwf.vht
quartus_eda --write_settings_files=off --simulation=on --functional=on --flatten_buses=off --tool=modelsim_oem --format=vhdl --output_directory=/home/leonardo/Documents/Supelec/1A/project_fpga/projet_synthese_fpga/simulation/qsim/ microprocessor -c microprocessor



